<?xml version="1.0" encoding="UTF-8"?>
<!-- Generated by org.testng.reporters.JUnitReportReporter -->
<testsuite hostname="MLBTAL-110657" failures="0" tests="1" name="SelFrameworkDesign.Tests.createEmployeeExcel" time="0.000" errors="0" timestamp="2025-03-06T13:24:48 IST" skipped="1">
  <testcase classname="SelFrameworkDesign.Tests.createEmployeeExcel" name="CreateEmployee" time="0.000">
    <skipped/>
  </testcase> <!-- CreateEmployee -->
  <system-out/>
</testsuite> <!-- SelFrameworkDesign.Tests.createEmployeeExcel -->
